<?xml version="1.0" encoding="UTF-8" ?>
<testsuite tests="1" failures="0" name="runsupport.RunCukesTest" time="9.079" errors="1" skipped="0">
  <properties>
[...]
</properties>
  <testcase classname="DVLA Feature" name="First Test" time="9.079">
    <error type="java.lang.NullPointerException">java.lang.NullPointerException
	at gov.uk.digital.dvla.vechicleenquiry.servicelayer.FileService$SupportedFiles.setListOfSupportedFiles(FileService.java:31)
	at gov.uk.digital.dvla.vechicleenquiry.servicelayer.CSVReader.getFileInfo(CSVReader.java:36)
	at gov.uk.digital.dvla.vechicleenquiry.servicelayer.CSVReader.getVechicleDetails(CSVReader.java:16)
	at steps.DVLAVechicleSteps.amOnDVLASite(DVLAVechicleSteps.java:33)
	at ✽.Am on DVLA Site(features/DVLA.feature:5)
</error>
    <system-out>@ui @dvla
Feature: DVLA Feature

  @ui @dvla
  Scenario: First Test    # features/DVLA.feature:4
@dvla
@ui
21:47:54 INFO  Hooks:32 - @Before hook will run before the actual scenario
    Given Am on DVLA Site # DVLAVechicleSteps.amOnDVLASite()
      java.lang.NullPointerException
	at gov.uk.digital.dvla.vechicleenquiry.servicelayer.FileService$SupportedFiles.setListOfSupportedFiles(FileService.java:31)
	at gov.uk.digital.dvla.vechicleenquiry.servicelayer.CSVReader.getFileInfo(CSVReader.java:36)
	at gov.uk.digital.dvla.vechicleenquiry.servicelayer.CSVReader.getVechicleDetails(CSVReader.java:16)
	at steps.DVLAVechicleSteps.amOnDVLASite(DVLAVechicleSteps.java:33)
	at ?.Am on DVLA Site(features/DVLA.feature:5)

@dvla
@ui
21:47:58 INFO  Hooks:48 - @After hook will run after the scenario is finished, even if the scenario failed
</system-out>
    <system-err>Starting ChromeDriver 2.43.600210 (68dcf5eebde37173d4027fa8635e332711d2874a) on port 5107
Only local connections are allowed.
Nov 19, 2018 9:47:54 PM org.openqa.selenium.remote.ProtocolHandshake createSession
INFO: Detected dialect: OSS
</system-err>
  </testcase>
</testsuite>